<?xml version="1.0" encoding="UTF-8"?>
<!-- Generated by org.testng.reporters.JUnitXMLReporter -->
<testsuite hostname="DESKTOP-3GNVT0U" ignored="0" name="Default test" tests="21" failures="0" timestamp="24 Dec 2020 09:54:30 GMT" time="1636.327" errors="0">
  <testcase name="lot_number_processing" time="178.947" classname="com.qa.testcases.Lot_number_items_testcases"/>
  <testcase name="lot_number_processing" time="63.019" classname="com.qa.testcases.Lot_number_items_testcases"/>
  <testcase name="lot_number_processing" time="65.11" classname="com.qa.testcases.Lot_number_items_testcases"/>
  <testcase name="lot_number_processing" time="68.193" classname="com.qa.testcases.Lot_number_items_testcases"/>
  <testcase name="lot_number_processing" time="64.985" classname="com.qa.testcases.Lot_number_items_testcases"/>
  <testcase name="lot_number_processing" time="180.019" classname="com.qa.testcases.Lot_number_items_testcases"/>
  <testcase name="lot_number_processing" time="71.433" classname="com.qa.testcases.Lot_number_items_testcases"/>
  <testcase name="Without_lot_number" time="23.434" classname="com.qa.testcases.Lot_number_items_testcases"/>
  <testcase name="Without_lot_number" time="23.917" classname="com.qa.testcases.Lot_number_items_testcases"/>
  <testcase name="Invalid_data" time="47.005" classname="com.qa.testcases.Lot_number_items_testcases"/>
  <testcase name="Invalid_data" time="46.616" classname="com.qa.testcases.Lot_number_items_testcases"/>
  <testcase name="Invalid_data" time="44.242" classname="com.qa.testcases.Lot_number_items_testcases"/>
  <testcase name="Invalid_data" time="42.771" classname="com.qa.testcases.Lot_number_items_testcases"/>
  <testcase name="Invalid_data" time="45.552" classname="com.qa.testcases.Lot_number_items_testcases"/>
  <testcase name="Invalid_data" time="53.578" classname="com.qa.testcases.Lot_number_items_testcases"/>
  <testcase name="Invalid_data" time="43.136" classname="com.qa.testcases.Lot_number_items_testcases"/>
  <testcase name="Invalid_data" time="41.908" classname="com.qa.testcases.Lot_number_items_testcases"/>
  <testcase name="Invalid_data" time="41.465" classname="com.qa.testcases.Lot_number_items_testcases"/>
  <testcase name="Invalid_data" time="44.801" classname="com.qa.testcases.Lot_number_items_testcases"/>
  <testcase name="Invalid_data" time="41.885" classname="com.qa.testcases.Lot_number_items_testcases"/>
  <testcase name="bin_mismatch" time="37.868" classname="com.qa.testcases.Lot_number_items_testcases"/>
</testsuite> <!-- Default test -->
